0 info it worked if it ends with ok
1 verbose cli [ '/usr/local/Cellar/node/5.10.0/bin/node',
1 verbose cli   '/usr/local/bin/npm',
1 verbose cli   'run',
1 verbose cli   'token-plaid',
1 verbose cli   'patbofa' ]
2 info using npm@3.6.0
3 info using node@v5.10.0
4 verbose run-script [ 'pretoken-plaid', 'token-plaid', 'posttoken-plaid' ]
5 info lifecycle build-your-own-mint@~pretoken-plaid: build-your-own-mint@
6 silly lifecycle build-your-own-mint@~pretoken-plaid: no script for pretoken-plaid, continuing
7 info lifecycle build-your-own-mint@~token-plaid: build-your-own-mint@
8 verbose lifecycle build-your-own-mint@~token-plaid: unsafe-perm in lifecycle true
9 verbose lifecycle build-your-own-mint@~token-plaid: PATH: /usr/local/lib/node_modules/npm/bin/node-gyp-bin:/Users/pat/code/under-the-mattress/node_modules/.bin:/Users/pat/.rvm/gems/ruby-2.1.5/bin:/Users/pat/.rvm/gems/ruby-2.1.5@global/bin:/Users/pat/.rvm/rubies/ruby-2.1.5/bin:/Users/pat/Documents/Programming/IAMCli-1.5.0//bin:/usr/local/share/python:/usr/local/lib/python2.7/site-packages:/Applications/DiffMerge.app/Contents/MacOS:/usr/local/bin:/usr/local/sbin:~/bin:/usr/local/heroku/bin:/usr/local/bin:/usr/bin:/bin:/usr/sbin:/sbin:/opt/X11/bin:/usr/local/git/bin:/Users/pat/.rvm/bin
10 verbose lifecycle build-your-own-mint@~token-plaid: CWD: /Users/pat/code/under-the-mattress
11 silly lifecycle build-your-own-mint@~token-plaid: Args: [ '-c', 'node scripts/plaidServer.js "patbofa"' ]
12 silly lifecycle build-your-own-mint@~token-plaid: Returned: code: 1  signal: null
13 info lifecycle build-your-own-mint@~token-plaid: Failed to exec token-plaid script
14 verbose stack Error: build-your-own-mint@ token-plaid: `node scripts/plaidServer.js "patbofa"`
14 verbose stack Exit status 1
14 verbose stack     at EventEmitter.<anonymous> (/usr/local/lib/node_modules/npm/lib/utils/lifecycle.js:232:16)
14 verbose stack     at emitTwo (events.js:100:13)
14 verbose stack     at EventEmitter.emit (events.js:185:7)
14 verbose stack     at ChildProcess.<anonymous> (/usr/local/lib/node_modules/npm/lib/utils/spawn.js:24:14)
14 verbose stack     at emitTwo (events.js:100:13)
14 verbose stack     at ChildProcess.emit (events.js:185:7)
14 verbose stack     at maybeClose (internal/child_process.js:850:16)
14 verbose stack     at Process.ChildProcess._handle.onexit (internal/child_process.js:215:5)
15 verbose pkgid build-your-own-mint@
16 verbose cwd /Users/pat/code/under-the-mattress
17 error Darwin 18.2.0
18 error argv "/usr/local/Cellar/node/5.10.0/bin/node" "/usr/local/bin/npm" "run" "token-plaid" "patbofa"
19 error node v5.10.0
20 error npm  v3.6.0
21 error code ELIFECYCLE
22 error build-your-own-mint@ token-plaid: `node scripts/plaidServer.js "patbofa"`
22 error Exit status 1
23 error Failed at the build-your-own-mint@ token-plaid script 'node scripts/plaidServer.js "patbofa"'.
23 error Make sure you have the latest version of node.js and npm installed.
23 error If you do, this is most likely a problem with the build-your-own-mint package,
23 error not with npm itself.
23 error Tell the author that this fails on your system:
23 error     node scripts/plaidServer.js "patbofa"
23 error You can get information on how to open an issue for this project with:
23 error     npm bugs build-your-own-mint
23 error Or if that isn't available, you can get their info via:
23 error     npm owner ls build-your-own-mint
23 error There is likely additional logging output above.
24 verbose exit [ 1, true ]
